0 verbose cli /usr/local/bin/node /usr/local/bin/npm
1 info using npm@8.19.4
2 info using node@v16.20.2
3 timing npm:load:whichnode Completed in 14ms
4 timing config:load:defaults Completed in 96ms
5 timing config:load:file:/usr/local/lib/node_modules/npm/npmrc Completed in 34ms
6 timing config:load:builtin Completed in 52ms
7 timing config:load:cli Completed in 128ms
8 timing config:load:env Completed in 5ms
9 timing config:load:project Completed in 79ms
10 timing config:load:file:/usr/src/node-red/.npmrc Completed in 20ms
11 timing config:load:user Completed in 23ms
12 timing config:load:file:/usr/local/etc/npmrc Completed in 62ms
13 timing config:load:global Completed in 66ms
14 timing config:load:validate Completed in 18ms
15 timing config:load:credentials Completed in 49ms
16 timing config:load:setEnvs Completed in 53ms
17 timing config:load Completed in 615ms
18 timing npm:load:configload Completed in 625ms
19 timing npm:load:mkdirpcache Completed in 73ms
20 timing npm:load:mkdirplogs Completed in 24ms
21 verbose title npm
22 verbose argv "--version"
23 timing npm:load:setTitle Completed in 52ms
24 timing config:load:flatten Completed in 168ms
25 timing npm:load:display Completed in 220ms
26 verbose logfile logs-max:10 dir:/data/.npm/_logs
27 verbose logfile /data/.npm/_logs/2023-11-02T19_30_39_113Z-debug-0.log
28 timing npm:load:logFile Completed in 279ms
29 timing npm:load:timers Completed in 1ms
30 timing npm:load:configScope Completed in 1ms
31 timing npm:load Completed in 1334ms
32 verbose exit 0
33 timing npm Completed in 1718ms
34 info ok
